<?xml version="1.0" encoding="UTF-8"?>
<testsuite xmlns:xsi="http://www.w3.org/2001/XMLSchema-instance" xsi:noNamespaceSchemaLocation="https://maven.apache.org/surefire/maven-surefire-plugin/xsd/surefire-test-report-3.0.xsd" version="3.0" name="com.route.flights.util.FileReaderTest" time="0.824" tests="2" errors="0" skipped="0" failures="0">
  <properties>
[...]
</properties>
  <testcase name="test_Read_Airports_Properly" classname="com.route.flights.util.FileReaderTest" time="0.491">
    <system-out><![CDATA[
  .   ____          _            __ _ _
 /\\ / ___'_ __ _ _(_)_ __  __ _ \ \ \ \
( ( )\___ | '_ | '_| | '_ \/ _` | \ \ \ \
 \\/  ___)| |_)| | | | | || (_| |  ) ) ) )
  '  |____| .__|_| |_|_| |_\__, | / / / /
 =========|_|==============|___/=/_/_/_/

 :: Spring Boot ::                (v3.3.3)

2024-09-24T11:06:16.203+02:00  INFO 7047 --- [           main] com.route.flights.util.FileReaderTest    : Starting FileReaderTest using Java 22.0.2 with PID 7047 (started by nkolamilanovic in /Users/nkolamilanovic/Projects/flight-routes/common)
2024-09-24T11:06:16.204+02:00  INFO 7047 --- [           main] com.route.flights.util.FileReaderTest    : No active profile set, falling back to 1 default profile: "default"
2024-09-24T11:06:16.246+02:00  INFO 7047 --- [           main] com.route.flights.util.FileReaderTest    : Started FileReaderTest in 0.172 seconds (process running for 0.539)
]]></system-out>
    <system-err><![CDATA[WARNING: A Java agent has been loaded dynamically (/Users/nkolamilanovic/.m2/repository/net/bytebuddy/byte-buddy-agent/1.14.19/byte-buddy-agent-1.14.19.jar)
WARNING: If a serviceability tool is in use, please run with -XX:+EnableDynamicAgentLoading to hide this warning
WARNING: If a serviceability tool is not in use, please run with -Djdk.instrument.traceUsage for more information
WARNING: Dynamic loading of agents will be disallowed by default in a future release
]]></system-err>
  </testcase>
  <testcase name="test_No_File_Present_Read" classname="com.route.flights.util.FileReaderTest" time="0.002"/>
</testsuite>